Analysis & Elaboration report for datapath_legv8
Tue Mar 10 18:09:54 2020
Quartus Prime Version 18.1.0 Build 625 09/12/2018 SJ Lite Edition


---------------------
; Table of Contents ;
---------------------
  1. Legal Notice
  2. Analysis & Elaboration Summary
  3. Parallel Compilation
  4. Analysis & Elaboration Settings
  5. Port Connectivity Checks: "tsb_64:t_ram"
  6. Port Connectivity Checks: "alu_legv8:alu|mux_8to1_64:mux"
  7. Port Connectivity Checks: "regfile_32x64:regfile|decoder_5to32:as"
  8. Analysis & Elaboration Messages
  9. Analysis & Elaboration Suppressed Messages



----------------
; Legal Notice ;
----------------
Copyright (C) 2018  Intel Corporation. All rights reserved.
Your use of Intel Corporation's design tools, logic functions 
and other software and tools, and its AMPP partner logic 
functions, and any output files from any of the foregoing 
(including device programming or simulation files), and any 
associated documentation or information are expressly subject 
to the terms and conditions of the Intel Program License 
Subscription Agreement, the Intel Quartus Prime License Agreement,
the Intel FPGA IP License Agreement, or other applicable license
agreement, including, without limitation, that your use is for
the sole purpose of programming logic devices manufactured by
Intel and sold by Intel or its authorized distributors.  Please
refer to the applicable agreement for further details.



+----------------------------------------------------------------------------------+
; Analysis & Elaboration Summary                                                   ;
+------------------------------------+---------------------------------------------+
; Analysis & Elaboration Status      ; Successful - Tue Mar 10 18:09:54 2020       ;
; Quartus Prime Version              ; 18.1.0 Build 625 09/12/2018 SJ Lite Edition ;
; Revision Name                      ; datapath_legv8                              ;
; Top-level Entity Name              ; datapath_legv8                              ;
; Family                             ; MAX 10                                      ;
; Total logic elements               ; N/A until Partition Merge                   ;
;     Total combinational functions  ; N/A until Partition Merge                   ;
;     Dedicated logic registers      ; N/A until Partition Merge                   ;
; Total registers                    ; N/A until Partition Merge                   ;
; Total pins                         ; N/A until Partition Merge                   ;
; Total virtual pins                 ; N/A until Partition Merge                   ;
; Total memory bits                  ; N/A until Partition Merge                   ;
; Embedded Multiplier 9-bit elements ; N/A until Partition Merge                   ;
; Total PLLs                         ; N/A until Partition Merge                   ;
; UFM blocks                         ; N/A until Partition Merge                   ;
; ADC blocks                         ; N/A until Partition Merge                   ;
+------------------------------------+---------------------------------------------+


+------------------------------------------+
; Parallel Compilation                     ;
+----------------------------+-------------+
; Processors                 ; Number      ;
+----------------------------+-------------+
; Number detected on machine ; 8           ;
; Maximum allowed            ; 4           ;
;                            ;             ;
; Average used               ; 1.00        ;
; Maximum used               ; 1           ;
;                            ;             ;
; Usage by Processor         ; % Time Used ;
;     Processor 1            ; 100.0%      ;
+----------------------------+-------------+


+------------------------------------------------------------------------------------------------------------+
; Analysis & Elaboration Settings                                                                            ;
+------------------------------------------------------------------+--------------------+--------------------+
; Option                                                           ; Setting            ; Default Value      ;
+------------------------------------------------------------------+--------------------+--------------------+
; Device                                                           ; 10M50DAF484C6GES   ;                    ;
; Top-level entity name                                            ; datapath_legv8     ; datapath_legv8     ;
; Family name                                                      ; MAX 10             ; Cyclone V          ;
; Use smart compilation                                            ; Off                ; Off                ;
; Enable parallel Assembler and Timing Analyzer during compilation ; On                 ; On                 ;
; Enable compact report table                                      ; Off                ; Off                ;
; Restructure Multiplexers                                         ; Auto               ; Auto               ;
; Create Debugging Nodes for IP Cores                              ; Off                ; Off                ;
; Preserve fewer node names                                        ; On                 ; On                 ;
; Intel FPGA IP Evaluation Mode                                    ; Enable             ; Enable             ;
; Verilog Version                                                  ; Verilog_2001       ; Verilog_2001       ;
; VHDL Version                                                     ; VHDL_1993          ; VHDL_1993          ;
; State Machine Processing                                         ; Auto               ; Auto               ;
; Safe State Machine                                               ; Off                ; Off                ;
; Extract Verilog State Machines                                   ; On                 ; On                 ;
; Extract VHDL State Machines                                      ; On                 ; On                 ;
; Ignore Verilog initial constructs                                ; Off                ; Off                ;
; Iteration limit for constant Verilog loops                       ; 5000               ; 5000               ;
; Iteration limit for non-constant Verilog loops                   ; 250                ; 250                ;
; Add Pass-Through Logic to Inferred RAMs                          ; On                 ; On                 ;
; Infer RAMs from Raw Logic                                        ; On                 ; On                 ;
; Parallel Synthesis                                               ; On                 ; On                 ;
; DSP Block Balancing                                              ; Auto               ; Auto               ;
; NOT Gate Push-Back                                               ; On                 ; On                 ;
; Power-Up Don't Care                                              ; On                 ; On                 ;
; Remove Redundant Logic Cells                                     ; Off                ; Off                ;
; Remove Duplicate Registers                                       ; On                 ; On                 ;
; Ignore CARRY Buffers                                             ; Off                ; Off                ;
; Ignore CASCADE Buffers                                           ; Off                ; Off                ;
; Ignore GLOBAL Buffers                                            ; Off                ; Off                ;
; Ignore ROW GLOBAL Buffers                                        ; Off                ; Off                ;
; Ignore LCELL Buffers                                             ; Off                ; Off                ;
; Ignore SOFT Buffers                                              ; On                 ; On                 ;
; Limit AHDL Integers to 32 Bits                                   ; Off                ; Off                ;
; Optimization Technique                                           ; Balanced           ; Balanced           ;
; Carry Chain Length                                               ; 70                 ; 70                 ;
; Auto Carry Chains                                                ; On                 ; On                 ;
; Auto Open-Drain Pins                                             ; On                 ; On                 ;
; Perform WYSIWYG Primitive Resynthesis                            ; Off                ; Off                ;
; Auto ROM Replacement                                             ; On                 ; On                 ;
; Auto RAM Replacement                                             ; On                 ; On                 ;
; Auto DSP Block Replacement                                       ; On                 ; On                 ;
; Auto Shift Register Replacement                                  ; Auto               ; Auto               ;
; Allow Shift Register Merging across Hierarchies                  ; Auto               ; Auto               ;
; Auto Clock Enable Replacement                                    ; On                 ; On                 ;
; Strict RAM Replacement                                           ; Off                ; Off                ;
; Allow Synchronous Control Signals                                ; On                 ; On                 ;
; Force Use of Synchronous Clear Signals                           ; Off                ; Off                ;
; Auto RAM Block Balancing                                         ; On                 ; On                 ;
; Auto RAM to Logic Cell Conversion                                ; Off                ; Off                ;
; Auto Resource Sharing                                            ; Off                ; Off                ;
; Allow Any RAM Size For Recognition                               ; Off                ; Off                ;
; Allow Any ROM Size For Recognition                               ; Off                ; Off                ;
; Allow Any Shift Register Size For Recognition                    ; Off                ; Off                ;
; Use LogicLock Constraints during Resource Balancing              ; On                 ; On                 ;
; Ignore translate_off and synthesis_off directives                ; Off                ; Off                ;
; Timing-Driven Synthesis                                          ; On                 ; On                 ;
; Report Parameter Settings                                        ; On                 ; On                 ;
; Report Source Assignments                                        ; On                 ; On                 ;
; Report Connectivity Checks                                       ; On                 ; On                 ;
; Ignore Maximum Fan-Out Assignments                               ; Off                ; Off                ;
; Synchronization Register Chain Length                            ; 2                  ; 2                  ;
; Power Optimization During Synthesis                              ; Normal compilation ; Normal compilation ;
; HDL message level                                                ; Level2             ; Level2             ;
; Suppress Register Optimization Related Messages                  ; Off                ; Off                ;
; Number of Removed Registers Reported in Synthesis Report         ; 5000               ; 5000               ;
; Number of Swept Nodes Reported in Synthesis Report               ; 5000               ; 5000               ;
; Number of Inverted Registers Reported in Synthesis Report        ; 100                ; 100                ;
; Clock MUX Protection                                             ; On                 ; On                 ;
; Auto Gated Clock Conversion                                      ; Off                ; Off                ;
; Block Design Naming                                              ; Auto               ; Auto               ;
; SDC constraint protection                                        ; Off                ; Off                ;
; Synthesis Effort                                                 ; Auto               ; Auto               ;
; Shift Register Replacement - Allow Asynchronous Clear Signal     ; On                 ; On                 ;
; Pre-Mapping Resynthesis Optimization                             ; Off                ; Off                ;
; Analysis & Synthesis Message Level                               ; Medium             ; Medium             ;
; Disable Register Merging Across Hierarchies                      ; Auto               ; Auto               ;
; Resource Aware Inference For Block RAM                           ; On                 ; On                 ;
+------------------------------------------------------------------+--------------------+--------------------+


+-----------------------------------------------------------------------------------------------------------------------------------------------------+
; Port Connectivity Checks: "tsb_64:t_ram"                                                                                                            ;
+------+--------+----------+--------------------------------------------------------------------------------------------------------------------------+
; Port ; Type   ; Severity ; Details                                                                                                                  ;
+------+--------+----------+--------------------------------------------------------------------------------------------------------------------------+
; out  ; Output ; Warning  ; Output or bidir port (64 bits) is wider than the port expression (8 bits) it drives; bit(s) "out[63..8]" have no fanouts ;
+------+--------+----------+--------------------------------------------------------------------------------------------------------------------------+


+-----------------------------------------------------------+
; Port Connectivity Checks: "alu_legv8:alu|mux_8to1_64:mux" ;
+------+-------+----------+---------------------------------+
; Port ; Type  ; Severity ; Details                         ;
+------+-------+----------+---------------------------------+
; i6   ; Input ; Info     ; Stuck at GND                    ;
; i7   ; Input ; Info     ; Stuck at GND                    ;
+------+-------+----------+---------------------------------+


+-----------------------------------------------------------------------------------------------------------------+
; Port Connectivity Checks: "regfile_32x64:regfile|decoder_5to32:as"                                              ;
+-------+--------+----------+-------------------------------------------------------------------------------------+
; Port  ; Type   ; Severity ; Details                                                                             ;
+-------+--------+----------+-------------------------------------------------------------------------------------+
; o[31] ; Output ; Info     ; Connected to dangling logic. Logic that only feeds a dangling port will be removed. ;
+-------+--------+----------+-------------------------------------------------------------------------------------+


+---------------------------------+
; Analysis & Elaboration Messages ;
+---------------------------------+
Info: *******************************************************************
Info: Running Quartus Prime Analysis & Elaboration
    Info: Version 18.1.0 Build 625 09/12/2018 SJ Lite Edition
    Info: Processing started: Tue Mar 10 18:09:45 2020
Info: Command: quartus_map --read_settings_files=on --write_settings_files=off datapath_legv8 -c datapath_legv8 --analysis_and_elaboration
Warning (18236): Number of processors has not been specified which may cause overloading on shared machines.  Set the global assignment NUM_PARALLEL_PROCESSORS in your QSF to an appropriate value for best performance.
Info (20030): Parallel compilation is enabled and will use 4 of the 4 processors detected
Info (12021): Found 1 design units, including 1 entities, in source file /comparch/decoder_5to32/decoder_5to32.v
    Info (12023): Found entity 1: decoder_5to32 File: D:/CompArch/decoder_5to32/decoder_5to32.v Line: 1
Info (12021): Found 1 design units, including 1 entities, in source file /comparch/reg_64/reg_64.v
    Info (12023): Found entity 1: reg_64 File: D:/CompArch/reg_64/reg_64.v Line: 1
Info (12021): Found 1 design units, including 1 entities, in source file /comparch/mux_32to1_64/mux_32to1_64.v
    Info (12023): Found entity 1: mux_32to1_64 File: D:/CompArch/mux_32to1_64/mux_32to1_64.v Line: 1
Info (12021): Found 1 design units, including 1 entities, in source file /comparch/shifter_64/shifter_64.v
    Info (12023): Found entity 1: shifter_64 File: D:/CompArch/shifter_64/shifter_64.v Line: 1
Info (12021): Found 1 design units, including 1 entities, in source file /comparch/adder_64/adder_64.v
    Info (12023): Found entity 1: adder_64 File: D:/CompArch/adder_64/adder_64.v Line: 1
Info (12021): Found 1 design units, including 1 entities, in source file /comparch/mux_8to1_64/mux_8to1_64.v
    Info (12023): Found entity 1: mux_8to1_64 File: D:/CompArch/mux_8to1_64/mux_8to1_64.v Line: 1
Info (12021): Found 1 design units, including 1 entities, in source file /comparch/ram_256x64/ram_256x64.v
    Info (12023): Found entity 1: ram_256x64 File: D:/CompArch/ram_256x64/ram_256x64.v Line: 1
Info (12021): Found 1 design units, including 1 entities, in source file /comparch/tsb_64/tsb_64.v
    Info (12023): Found entity 1: tsb_64 File: D:/CompArch/tsb_64/tsb_64.v Line: 1
Info (12021): Found 1 design units, including 1 entities, in source file /comparch/mux_2to1_64/mux_2to1_64.v
    Info (12023): Found entity 1: mux_2to1_64 File: D:/CompArch/mux_2to1_64/mux_2to1_64.v Line: 1
Info (12021): Found 1 design units, including 1 entities, in source file /comparch/regfile_32x64/regfile_32x64.v
    Info (12023): Found entity 1: regfile_32x64 File: D:/CompArch/regfile_32x64/regfile_32x64.v Line: 1
Info (12021): Found 1 design units, including 1 entities, in source file /comparch/alu_legv8/alu_legv8.v
    Info (12023): Found entity 1: alu_legv8 File: D:/CompArch/alu_legv8/alu_legv8.v Line: 1
Info (12021): Found 1 design units, including 1 entities, in source file datapath_legv8.v
    Info (12023): Found entity 1: datapath_legv8 File: D:/CompArch/datapath_legv8/datapath_legv8.v Line: 1
Info (12021): Found 1 design units, including 1 entities, in source file datapath_legv8_tb.v
    Info (12023): Found entity 1: datapath_legv8_tb File: D:/CompArch/datapath_legv8/datapath_legv8_tb.v Line: 2
Info (12127): Elaborating entity "datapath_legv8" for the top level hierarchy
Info (12128): Elaborating entity "regfile_32x64" for hierarchy "regfile_32x64:regfile" File: D:/CompArch/datapath_legv8/datapath_legv8.v Line: 13
Info (12128): Elaborating entity "decoder_5to32" for hierarchy "regfile_32x64:regfile|decoder_5to32:as" File: D:/CompArch/regfile_32x64/regfile_32x64.v Line: 22
Info (12128): Elaborating entity "reg_64" for hierarchy "regfile_32x64:regfile|reg_64:r00" File: D:/CompArch/regfile_32x64/regfile_32x64.v Line: 30
Info (12128): Elaborating entity "mux_32to1_64" for hierarchy "regfile_32x64:regfile|mux_32to1_64:mA" File: D:/CompArch/regfile_32x64/regfile_32x64.v Line: 66
Info (12128): Elaborating entity "mux_2to1_64" for hierarchy "mux_2to1_64:mux" File: D:/CompArch/datapath_legv8/datapath_legv8.v Line: 14
Info (12128): Elaborating entity "tsb_64" for hierarchy "tsb_64:muxbuf" File: D:/CompArch/datapath_legv8/datapath_legv8.v Line: 15
Info (12128): Elaborating entity "alu_legv8" for hierarchy "alu_legv8:alu" File: D:/CompArch/datapath_legv8/datapath_legv8.v Line: 16
Info (12128): Elaborating entity "adder_64" for hierarchy "alu_legv8:alu|adder_64:adder" File: D:/CompArch/alu_legv8/alu_legv8.v Line: 26
Info (12128): Elaborating entity "shifter_64" for hierarchy "alu_legv8:alu|shifter_64:shifter" File: D:/CompArch/alu_legv8/alu_legv8.v Line: 28
Info (12128): Elaborating entity "mux_8to1_64" for hierarchy "alu_legv8:alu|mux_8to1_64:mux" File: D:/CompArch/alu_legv8/alu_legv8.v Line: 30
Info (12128): Elaborating entity "ram_256x64" for hierarchy "ram_256x64:ram" File: D:/CompArch/datapath_legv8/datapath_legv8.v Line: 20
Warning (12241): 1 hierarchies have connectivity warnings - see the Connectivity Checks report folder
Info (144001): Generated suppressed messages file D:/CompArch/datapath_legv8/output_files/datapath_legv8.map.smsg
Info: Quartus Prime Analysis & Elaboration was successful. 0 errors, 2 warnings
    Info: Peak virtual memory: 4734 megabytes
    Info: Processing ended: Tue Mar 10 18:09:54 2020
    Info: Elapsed time: 00:00:09
    Info: Total CPU time (on all processors): 00:00:20


+--------------------------------------------+
; Analysis & Elaboration Suppressed Messages ;
+--------------------------------------------+
The suppressed messages can be found in D:/CompArch/datapath_legv8/output_files/datapath_legv8.map.smsg.


